#
# There is insufficient memory for the Java Runtime Environment to continue.
# Native memory allocation (malloc) failed to allocate 202016 bytes for Chunk::new
# Possible reasons:
#   The system is out of physical RAM or swap space
#   In 32 bit mode, the process size limit was hit
# Possible solutions:
#   Reduce memory load on the system
#   Increase physical memory or swap space
#   Check if swap backing store is full
#   Use 64 bit Java on a 64 bit OS
#   Decrease Java heap size (-Xmx/-Xms)
#   Decrease number of Java threads
#   Decrease Java thread stack sizes (-Xss)
#   Set larger code cache with -XX:ReservedCodeCacheSize=
# This output file may be truncated or incomplete.
#
#  Out of Memory Error (allocation.cpp:390), pid=8048, tid=0x00000000000033e8
#
# JRE version: Java(TM) SE Runtime Environment (8.0_121-b13) (build 1.8.0_121-b13)
# Java VM: Java HotSpot(TM) 64-Bit Server VM (25.121-b13 mixed mode windows-amd64 compressed oops)
# Failed to write core dump. Minidumps are not enabled by default on client versions of Windows
#

---------------  T H R E A D  ---------------

Current thread (0x000000001b3a4000):  JavaThread "C2 CompilerThread0" daemon [_thread_in_native, id=13288, stack(0x000000001c470000,0x000000001c570000)]

Stack: [0x000000001c470000,0x000000001c570000]
[error occurred during error reporting (printing stack bounds), id 0xc0000005]

Native frames: (J=compiled Java code, j=interpreted, Vv=VM code, C=native code)


Current CompileTask:
C2:   3919  291  s!   4       sun.misc.URLClassPath::getLoader (243 bytes)


---------------  P R O C E S S  ---------------

Java Threads: ( => current thread )
  0x000000001c5a2800 JavaThread "Service Thread" daemon [_thread_blocked, id=5844, stack(0x000000001ca70000,0x000000001cb70000)]
  0x000000001c59e000 JavaThread "C1 CompilerThread1" daemon [_thread_blocked, id=8664, stack(0x000000001c970000,0x000000001ca70000)]
=>0x000000001b3a4000 JavaThread "C2 CompilerThread0" daemon [_thread_in_native, id=13288, stack(0x000000001c470000,0x000000001c570000)]
  0x000000001b3a2800 JavaThread "Monitor Ctrl-Break" daemon [_thread_in_native, id=7828, stack(0x000000001c370000,0x000000001c470000)]
  0x000000001b32f800 JavaThread "Attach Listener" daemon [_thread_blocked, id=19148, stack(0x000000001c270000,0x000000001c370000)]
  0x000000001b32c800 JavaThread "Signal Dispatcher" daemon [_thread_blocked, id=12912, stack(0x000000001c170000,0x000000001c270000)]
  0x000000001b318800 JavaThread "Finalizer" daemon [_thread_blocked, id=5172, stack(0x000000001bf60000,0x000000001c060000)]
  0x00000000048f3000 JavaThread "Reference Handler" daemon [_thread_blocked, id=2084, stack(0x000000001be60000,0x000000001bf60000)]
  0x0000000004806000 JavaThread "main" [_thread_in_native, id=7856, stack(0x0000000004600000,0x0000000004700000)]

Other Threads:
  0x000000001b2f6800 VMThread [stack: 0x000000001bd60000,0x000000001be60000] [id=7344]
  0x000000001c62c000 WatcherThread [stack: 0x000000001cb70000,0x000000001cc70000] [id=17708]

VM state:not at safepoint (normal execution)

VM Mutex/Monitor currently owned by a thread: None

Heap:
 PSYoungGen      total 54784K, used 9474K [0x0000000782e00000, 0x0000000786b00000, 0x00000007c0000000)
  eden space 47104K, 20% used [0x0000000782e00000,0x0000000783740a70,0x0000000785c00000)
  from space 7680K, 0% used [0x0000000786380000,0x0000000786380000,0x0000000786b00000)
  to   space 7680K, 0% used [0x0000000785c00000,0x0000000785c00000,0x0000000786380000)
 ParOldGen       total 125952K, used 0K [0x0000000708a00000, 0x0000000710500000, 0x0000000782e00000)
  object space 125952K, 0% used [0x0000000708a00000,0x0000000708a00000,0x0000000710500000)
 Metaspace       used 4973K, capacity 5196K, committed 5248K, reserved 1056768K
  class space    used 583K, capacity 628K, committed 640K, reserved 1048576K

Card table byte_map: [0x0000000013cc0000,0x0000000014280000] byte_map_base: 0x000000001047b000

Marking Bits: (ParMarkBitMap*) 0x000000006e30b6d0
 Begin Bits: [0x0000000014860000, 0x0000000017638000)
 End Bits:   [0x0000000017638000, 0x000000001a410000)

Polling page: 0x00000000003c0000

CodeCache: size=245760Kb used=1945Kb max_used=1945Kb free=243814Kb
 bounds [0x0000000004900000, 0x0000000004b70000, 0x0000000013900000]
 total_blobs=575 nmethods=300 adapters=189
 compilation: enabled

Compilation events (10 events):
Event: 3.837 Thread 0x000000001c59e000 nmethod 286 0x0000000004ada690 code [0x0000000004ada800, 0x0000000004ada9a8]
Event: 3.837 Thread 0x000000001c59e000  287   !   3       java.net.URLClassLoader$1::run (63 bytes)
Event: 3.838 Thread 0x000000001c59e000 nmethod 287 0x0000000004adaa50 code [0x0000000004adac20, 0x0000000004adb168]
Event: 3.839 Thread 0x000000001c59e000  288   !   3       java.util.zip.ZipFile$ZipFileInputStream::read (131 bytes)
Event: 3.840 Thread 0x000000001c59e000 nmethod 288 0x0000000004adb450 code [0x0000000004adb620, 0x0000000004adbec8]
Event: 3.841 Thread 0x000000001c59e000  289  s    3       sun.misc.Resource::cachedInputStream (20 bytes)
Event: 3.842 Thread 0x000000001c59e000 nmethod 289 0x0000000004adc410 code [0x0000000004adc580, 0x0000000004adc968]
Event: 3.842 Thread 0x000000001c59e000  290       3       java.security.CodeSource::getCertificates (98 bytes)
Event: 3.843 Thread 0x000000001c59e000 nmethod 290 0x0000000004adca10 code [0x0000000004adcc40, 0x0000000004add838]
Event: 3.844 Thread 0x000000001b3a4000  291  s!   4       sun.misc.URLClassPath::getLoader (243 bytes)

GC Heap History (0 events):
No events

Deoptimization events (0 events):
No events

Internal exceptions (7 events):
Event: 0.198 Thread 0x0000000004806000 Exception <a 'java/lang/NoSuchMethodError': Method sun.misc.Unsafe.defineClass(Ljava/lang/String;[BII)Ljava/lang/Class; name or signature does not match> (0x0000000782e07ca8) thrown at [C:\re\workspace\8-2-build-windows-amd64-cygwin\jdk8u121\8372\hotspot\
Event: 0.198 Thread 0x0000000004806000 Exception <a 'java/lang/NoSuchMethodError': Method sun.misc.Unsafe.prefetchRead(Ljava/lang/Object;J)V name or signature does not match> (0x0000000782e07f90) thrown at [C:\re\workspace\8-2-build-windows-amd64-cygwin\jdk8u121\8372\hotspot\src\share\vm\prims
Event: 2.035 Thread 0x0000000004806000 Exception <a 'java/io/FileNotFoundException'> (0x00000007831d7a88) thrown at [C:\re\workspace\8-2-build-windows-amd64-cygwin\jdk8u121\8372\hotspot\src\share\vm\prims\jni.cpp, line 709]
Event: 2.138 Thread 0x0000000004806000 Exception <a 'java/security/PrivilegedActionException'> (0x0000000783221438) thrown at [C:\re\workspace\8-2-build-windows-amd64-cygwin\jdk8u121\8372\hotspot\src\share\vm\prims\jvm.cpp, line 1390]
Event: 2.138 Thread 0x0000000004806000 Exception <a 'java/security/PrivilegedActionException'> (0x0000000783221648) thrown at [C:\re\workspace\8-2-build-windows-amd64-cygwin\jdk8u121\8372\hotspot\src\share\vm\prims\jvm.cpp, line 1390]
Event: 2.141 Thread 0x0000000004806000 Exception <a 'java/security/PrivilegedActionException'> (0x0000000783225558) thrown at [C:\re\workspace\8-2-build-windows-amd64-cygwin\jdk8u121\8372\hotspot\src\share\vm\prims\jvm.cpp, line 1390]
Event: 2.141 Thread 0x0000000004806000 Exception <a 'java/security/PrivilegedActionException'> (0x0000000783225768) thrown at [C:\re\workspace\8-2-build-windows-amd64-cygwin\jdk8u121\8372\hotspot\src\share\vm\prims\jvm.cpp, line 1390]

Events (10 events):
Event: 3.834 loading class com/intellij/rt/execution/junit/MapSerializerUtil$EscapeInfoProvider
Event: 3.834 loading class com/intellij/rt/execution/junit/MapSerializerUtil$EscapeInfoProvider done
Event: 3.835 loading class com/intellij/rt/execution/junit/MapSerializerUtil$1
Event: 3.835 loading class com/intellij/rt/execution/junit/MapSerializerUtil$1 done
Event: 3.836 loading class org/junit/runner/JUnitCore
Event: 3.836 loading class org/junit/runner/JUnitCore done
Event: 3.841 loading class org/junit/internal/TextListener
Event: 3.841 loading class org/junit/internal/TextListener done
Event: 3.844 loading class org/junit/internal/JUnitSystem
Event: 3.844 loading class org/junit/internal/JUnitSystem done


Dynamic libraries:
0x00007ff7977e0000 - 0x00007ff797817000 	C:\Program Files\Java\jdk1.8.0_121\bin\java.exe
0x00007ff8dfef0000 - 0x00007ff8e00d0000 	C:\WINDOWS\SYSTEM32\ntdll.dll
0x00007ff8dd8a0000 - 0x00007ff8dd94e000 	C:\WINDOWS\System32\KERNEL32.DLL
0x00007ff8dc3e0000 - 0x00007ff8dc646000 	C:\WINDOWS\System32\KERNELBASE.dll
0x00007ff8de530000 - 0x00007ff8de5d1000 	C:\WINDOWS\System32\ADVAPI32.dll
0x00007ff8dd750000 - 0x00007ff8dd7ed000 	C:\WINDOWS\System32\msvcrt.dll
0x00007ff8de6b0000 - 0x00007ff8de70b000 	C:\WINDOWS\System32\sechost.dll
0x00007ff8dd4a0000 - 0x00007ff8dd5bf000 	C:\WINDOWS\System32\RPCRT4.dll
0x00007ff8ddec0000 - 0x00007ff8de04f000 	C:\WINDOWS\System32\USER32.dll
0x00007ff8dc2f0000 - 0x00007ff8dc310000 	C:\WINDOWS\System32\win32u.dll
0x00007ff8de050000 - 0x00007ff8de078000 	C:\WINDOWS\System32\GDI32.dll
0x00007ff8dc650000 - 0x00007ff8dc7e3000 	C:\WINDOWS\System32\gdi32full.dll
0x00007ff8dd2c0000 - 0x00007ff8dd35b000 	C:\WINDOWS\System32\msvcp_win.dll
0x00007ff8dcf40000 - 0x00007ff8dd036000 	C:\WINDOWS\System32\ucrtbase.dll
0x00007ff8d1160000 - 0x00007ff8d13c9000 	C:\WINDOWS\WinSxS\amd64_microsoft.windows.common-controls_6595b64144ccf1df_6.0.16299.248_none_15ced204935f55d7\COMCTL32.dll
0x00007ff8de080000 - 0x00007ff8de388000 	C:\WINDOWS\System32\combase.dll
0x00007ff8dc310000 - 0x00007ff8dc382000 	C:\WINDOWS\System32\bcryptPrimitives.dll
0x00007ff8dd800000 - 0x00007ff8dd82d000 	C:\WINDOWS\System32\IMM32.DLL
0x000000006f6e0000 - 0x000000006f7b2000 	C:\Program Files\Java\jdk1.8.0_121\jre\bin\msvcr100.dll
0x000000006daf0000 - 0x000000006e38b000 	C:\Program Files\Java\jdk1.8.0_121\jre\bin\server\jvm.dll
0x00007ff8dd7f0000 - 0x00007ff8dd7f8000 	C:\WINDOWS\System32\PSAPI.DLL
0x00007ff8d3660000 - 0x00007ff8d366a000 	C:\WINDOWS\SYSTEM32\VERSION.dll
0x00007ff8d6b60000 - 0x00007ff8d6b83000 	C:\WINDOWS\SYSTEM32\WINMM.dll
0x00007ff8d6b30000 - 0x00007ff8d6b5a000 	C:\WINDOWS\SYSTEM32\winmmbase.dll
0x00007ff8dc390000 - 0x00007ff8dc3da000 	C:\WINDOWS\System32\cfgmgr32.dll
0x00007ff8d4490000 - 0x00007ff8d4499000 	C:\WINDOWS\SYSTEM32\WSOCK32.dll
0x00007ff8dd830000 - 0x00007ff8dd89c000 	C:\WINDOWS\System32\WS2_32.dll
0x0000000071120000 - 0x000000007112f000 	C:\Program Files\Java\jdk1.8.0_121\jre\bin\verify.dll
0x00000000710f0000 - 0x0000000071119000 	C:\Program Files\Java\jdk1.8.0_121\jre\bin\java.dll
0x00000000710c0000 - 0x00000000710e3000 	C:\Program Files\Java\jdk1.8.0_121\jre\bin\instrument.dll
0x00000000710a0000 - 0x00000000710b6000 	C:\Program Files\Java\jdk1.8.0_121\jre\bin\zip.dll
0x00007ff8de930000 - 0x00007ff8dfd66000 	C:\WINDOWS\System32\SHELL32.dll
0x00007ff8de600000 - 0x00007ff8de6a6000 	C:\WINDOWS\System32\shcore.dll
0x00007ff8dc7f0000 - 0x00007ff8dcf37000 	C:\WINDOWS\System32\windows.storage.dll
0x00007ff8dd690000 - 0x00007ff8dd6e1000 	C:\WINDOWS\System32\shlwapi.dll
0x00007ff8dc260000 - 0x00007ff8dc271000 	C:\WINDOWS\System32\kernel.appcore.dll
0x00007ff8dc2a0000 - 0x00007ff8dc2ec000 	C:\WINDOWS\System32\powrprof.dll
0x00007ff8dc280000 - 0x00007ff8dc29b000 	C:\WINDOWS\System32\profapi.dll
0x00007ff8d45d0000 - 0x00007ff8d45ea000 	C:\Program Files\JetBrains\IntelliJ IDEA Community Edition 2017.3.4\bin\breakgen64.dll
0x0000000071080000 - 0x000000007109a000 	C:\Program Files\Java\jdk1.8.0_121\jre\bin\net.dll
0x00007ff8dba70000 - 0x00007ff8dbad6000 	C:\WINDOWS\system32\mswsock.dll

VM Arguments:
jvm_args: -ea -Didea.test.cyclic.buffer.size=1048576 -javaagent:C:\Program Files\JetBrains\IntelliJ IDEA Community Edition 2017.3.4\lib\idea_rt.jar=58288:C:\Program Files\JetBrains\IntelliJ IDEA Community Edition 2017.3.4\bin -Dfile.encoding=UTF-8 
java_command: com.intellij.rt.execution.junit.JUnitStarter -ideVersion5 -junit4 mx.iteso.ut.QuesadillaTest,noHayGas
java_class_path (initial): C:\Program Files\JetBrains\IntelliJ IDEA Community Edition 2017.3.4\lib\idea_rt.jar;C:\Program Files\JetBrains\IntelliJ IDEA Community Edition 2017.3.4\plugins\junit\lib\junit-rt.jar;C:\Program Files\JetBrains\IntelliJ IDEA Community Edition 2017.3.4\plugins\junit\lib\junit5-rt.jar;C:\Program Files\Java\jdk1.8.0_121\jre\lib\charsets.jar;C:\Program Files\Java\jdk1.8.0_121\jre\lib\deploy.jar;C:\Program Files\Java\jdk1.8.0_121\jre\lib\ext\access-bridge-64.jar;C:\Program Files\Java\jdk1.8.0_121\jre\lib\ext\cldrdata.jar;C:\Program Files\Java\jdk1.8.0_121\jre\lib\ext\dnsns.jar;C:\Program Files\Java\jdk1.8.0_121\jre\lib\ext\jaccess.jar;C:\Program Files\Java\jdk1.8.0_121\jre\lib\ext\jfxrt.jar;C:\Program Files\Java\jdk1.8.0_121\jre\lib\ext\localedata.jar;C:\Program Files\Java\jdk1.8.0_121\jre\lib\ext\nashorn.jar;C:\Program Files\Java\jdk1.8.0_121\jre\lib\ext\sunec.jar;C:\Program Files\Java\jdk1.8.0_121\jre\lib\ext\sunjce_provider.jar;C:\Program Files\Java\jdk1.8.0_121\jre\lib\ext\sunmscapi.jar;C:\Program Files\Java\jdk1.8.0_121\jre\lib\ext\sunpkcs11.jar;C:\Program Files\Java\jdk1.8.0_121\jre\lib\ext\zipfs.jar;C:\Program Files\Java\jdk1.8.0_121\jre\lib\javaws.jar;C:\Program Files\Java\jdk1.8.0_121\jre\lib\jce.jar;C:\Program Files\Java\jdk1.8.0_121\jre\lib\jfr.jar;C:\Program Files\Java\jdk1.8.0_121\jre\lib\jfxswt.jar;C:\Program Files\Java\jdk1.8.0_121\jre\lib\jsse.jar;C:\Program Files\Java\jdk1.8.0_121\jre\lib\management-agent.jar;C:\Program Files\Java\jdk1.8.0_121\jre\lib\plugin.jar;C:\Program Files\Java\jdk1.8.0_121\jre\lib\resources.jar;C:\Program Files\Java\jdk1.8.0_121\jre\lib\rt.jar;C:\Users\manci\Desktop\DisSw\mxitesout\target\test-classes;C:\Users\manci\Desktop\DisSw\mxitesout\target\classes;C:\Users\manci\.m2\repository\junit\junit\4.12\junit-4.12.jar;C:\Users\manci\.m2\repository\org\hamcrest\hamcrest-core\1.3\hamcrest-core-1.3.jar;C:\Users\manci\.m2\repository\org\mockito\mockito-all\1.9.5\mockito-all-1.9.5.jar;C:\Users\manci\.m2\reposit
Launcher Type: SUN_STANDARD

Environment Variables:
JAVA_HOME=C:\Program Files\Java\jdk1.8.0_121
PATH=C:\ProgramData\Oracle\Java\javapath;C:\WINDOWS\system32;C:\WINDOWS;C:\WINDOWS\System32\Wbem;C:\WINDOWS\System32\WindowsPowerShell\v1.0\;C:\Program Files (x86)\Microsoft SQL Server\Client SDK\ODBC\110\Tools\Binn\;C:\Program Files (x86)\Microsoft SQL Server\120\Tools\Binn\;C:\Program Files (x86)\Microsoft SQL Server\120\DTS\Binn\;C:\Program Files (x86)\Microsoft SQL Server\120\Tools\Binn\ManagementStudio\;C:\Program Files\Git\cmd;C:\Users\manci\AppData\Local\Microsoft\WindowsApps;C:\MinGW\bin;C:\Program Files\Java\jdk1.8.0_121\bin;C:\Program Files\apache-maven-3.5.2\bin;
USERNAME=manci
OS=Windows_NT
PROCESSOR_IDENTIFIER=AMD64 Family 21 Model 112 Stepping 0, AuthenticAMD



---------------  S Y S T E M  ---------------

OS: Windows 10.0 , 64 bit Build 16299 (10.0.16299.15)

CPU:total 2 (2 cores per cpu, 1 threads per core) family 21 model 112 stepping 0, cmov, cx8, fxsr, mmx, sse, sse2, sse3, ssse3, sse4.1, sse4.2, popcnt, avx, avx2, aes, clmul, mmxext, 3dnowpref, lzcnt, sse4a, tsc, tscinvbit, tscinv, bmi1

Memory: 4k page, physical 12010636k(3902096k free), swap 14429324k(38212k free)

vm_info: Java HotSpot(TM) 64-Bit Server VM (25.121-b13) for windows-amd64 JRE (1.8.0_121-b13), built on Dec 12 2016 18:21:36 by "java_re" with MS VC++ 10.0 (VS2010)

time: Mon Feb 19 10:37:37 2018
elapsed time: 4 seconds (0d 0h 0m 4s)

